0 info it worked if it ends with ok
1 verbose cli [ '/usr/bin/nodejs',
1 verbose cli   '/usr/bin/npm',
1 verbose cli   'install',
1 verbose cli   'http',
1 verbose cli   '-server',
1 verbose cli   '-g' ]
2 info using npm@3.10.3
3 info using node@v6.7.0
4 silly loadCurrentTree Starting
5 silly install loadCurrentTree
6 silly install readGlobalPackageData
7 silly fetchPackageMetaData http
8 silly fetchNamedPackageData http
9 silly mapToRegistry name http
10 silly mapToRegistry using default registry
11 silly mapToRegistry registry https://registry.npmjs.org/
12 silly mapToRegistry data Result {
12 silly mapToRegistry   raw: 'http',
12 silly mapToRegistry   scope: null,
12 silly mapToRegistry   escapedName: 'http',
12 silly mapToRegistry   name: 'http',
12 silly mapToRegistry   rawSpec: '',
12 silly mapToRegistry   spec: 'latest',
12 silly mapToRegistry   type: 'tag' }
13 silly mapToRegistry uri https://registry.npmjs.org/http
14 verbose request uri https://registry.npmjs.org/http
15 verbose request no auth needed
16 info attempt registry request try #1 at 9:59:53 AM
17 verbose request id 434f1c5a415b4878
18 http request GET https://registry.npmjs.org/http
19 http 200 https://registry.npmjs.org/http
20 verbose headers { server: 'CouchDB/1.5.0 (Erlang OTP/R16B03)',
20 verbose headers   etag: '"STZ2Y8389J75VPYD13FVS1JT"',
20 verbose headers   'content-type': 'application/json',
20 verbose headers   'content-encoding': 'gzip',
20 verbose headers   'cache-control': 'max-age=300',
20 verbose headers   'content-length': '526',
20 verbose headers   'accept-ranges': 'bytes',
20 verbose headers   date: 'Mon, 03 Oct 2016 09:59:55 GMT',
20 verbose headers   via: '1.1 varnish',
20 verbose headers   age: '97',
20 verbose headers   connection: 'keep-alive',
20 verbose headers   'x-served-by': 'cache-sin6923-SIN',
20 verbose headers   'x-cache': 'HIT',
20 verbose headers   'x-cache-hits': '23',
20 verbose headers   'x-timer': 'S1475488795.896291,VS0,VE0',
20 verbose headers   vary: 'Accept-Encoding' }
21 silly get cb [ 200,
21 silly get   { server: 'CouchDB/1.5.0 (Erlang OTP/R16B03)',
21 silly get     etag: '"STZ2Y8389J75VPYD13FVS1JT"',
21 silly get     'content-type': 'application/json',
21 silly get     'content-encoding': 'gzip',
21 silly get     'cache-control': 'max-age=300',
21 silly get     'content-length': '526',
21 silly get     'accept-ranges': 'bytes',
21 silly get     date: 'Mon, 03 Oct 2016 09:59:55 GMT',
21 silly get     via: '1.1 varnish',
21 silly get     age: '97',
21 silly get     connection: 'keep-alive',
21 silly get     'x-served-by': 'cache-sin6923-SIN',
21 silly get     'x-cache': 'HIT',
21 silly get     'x-cache-hits': '23',
21 silly get     'x-timer': 'S1475488795.896291,VS0,VE0',
21 silly get     vary: 'Accept-Encoding' } ]
22 verbose get saving http to /home/vagrant/.npm/registry.npmjs.org/http/.cache.json
23 verbose correctMkdir /home/vagrant/.npm correctMkdir not in flight; initializing
24 verbose makeDirectory /home/vagrant/.npm creation not in flight; initializing
25 silly makeDirectory /home/vagrant/.npm uid: 1000 gid: 1000
26 silly install normalizeTree
27 silly loadCurrentTree Finishing
28 silly loadIdealTree Starting
29 silly install loadIdealTree
30 silly cloneCurrentTree Starting
31 silly install cloneCurrentTreeToIdealTree
32 silly cloneCurrentTree Finishing
33 silly loadShrinkwrap Starting
34 silly install loadShrinkwrap
35 silly loadShrinkwrap Finishing
36 silly loadAllDepsIntoIdealTree Starting
37 silly install loadAllDepsIntoIdealTree
38 silly resolveWithNewModule http@0.0.0 checking installable status
39 silly cache add args [ 'http', null ]
40 verbose cache add spec http
41 silly cache add parsed spec Result {
41 silly cache add   raw: 'http',
41 silly cache add   scope: null,
41 silly cache add   escapedName: 'http',
41 silly cache add   name: 'http',
41 silly cache add   rawSpec: '',
41 silly cache add   spec: 'latest',
41 silly cache add   type: 'tag' }
42 silly addNamed http@latest
43 verbose addNamed "latest" is being treated as a dist-tag for http
44 info addNameTag [ 'http', 'latest' ]
45 silly mapToRegistry name http
46 silly mapToRegistry using default registry
47 silly mapToRegistry registry https://registry.npmjs.org/
48 silly mapToRegistry data Result {
48 silly mapToRegistry   raw: 'http',
48 silly mapToRegistry   scope: null,
48 silly mapToRegistry   escapedName: 'http',
48 silly mapToRegistry   name: 'http',
48 silly mapToRegistry   rawSpec: '',
48 silly mapToRegistry   spec: 'latest',
48 silly mapToRegistry   type: 'tag' }
49 silly mapToRegistry uri https://registry.npmjs.org/http
50 verbose addNameTag registry:https://registry.npmjs.org/http not in flight; fetching
51 verbose get https://registry.npmjs.org/http not expired, no request
52 silly addNameTag next cb for http with tag latest
53 silly addNamed http@0.0.0
54 verbose addNamed "0.0.0" is a plain semver version for http
55 silly mapToRegistry name http
56 silly mapToRegistry using default registry
57 silly mapToRegistry registry https://registry.npmjs.org/
58 silly mapToRegistry data Result {
58 silly mapToRegistry   raw: 'http',
58 silly mapToRegistry   scope: null,
58 silly mapToRegistry   escapedName: 'http',
58 silly mapToRegistry   name: 'http',
58 silly mapToRegistry   rawSpec: '',
58 silly mapToRegistry   spec: 'latest',
58 silly mapToRegistry   type: 'tag' }
59 silly mapToRegistry uri https://registry.npmjs.org/http
60 verbose addRemoteTarball https://registry.npmjs.org/http/-/http-0.0.0.tgz not in flight; adding
61 verbose addRemoteTarball [ 'https://registry.npmjs.org/http/-/http-0.0.0.tgz',
61 verbose addRemoteTarball   '86e6326d29c5d039de9fac584a45689f929f4f72' ]
62 info retry fetch attempt 1 at 9:59:56 AM
63 info attempt registry request try #1 at 9:59:56 AM
64 http fetch GET https://registry.npmjs.org/http/-/http-0.0.0.tgz
65 http fetch 200 https://registry.npmjs.org/http/-/http-0.0.0.tgz
66 silly fetchAndShaCheck shasum 86e6326d29c5d039de9fac584a45689f929f4f72
67 verbose addTmpTarball /tmp/npm-3207-8f439209/registry.npmjs.org/http/-/http-0.0.0.tgz not in flight; adding
68 verbose addTmpTarball already have metadata; skipping unpack for http@0.0.0
69 verbose correctMkdir /home/vagrant/.npm correctMkdir not in flight; initializing
70 silly cache afterAdd http@0.0.0
71 verbose afterAdd /home/vagrant/.npm/http/0.0.0/package/package.json not in flight; writing
72 verbose correctMkdir /home/vagrant/.npm correctMkdir not in flight; initializing
73 verbose afterAdd /home/vagrant/.npm/http/0.0.0/package/package.json written
74 silly loadAllDepsIntoIdealTree Finishing
75 silly loadIdealTree Finishing
76 silly currentTree lib
77 silly idealTree lib
77 silly idealTree `-- http@0.0.0
78 silly generateActionsToTake Starting
79 silly install generateActionsToTake
80 warn checkPermissions Missing write access to /usr/lib/node_modules
81 silly rollbackFailedOptional Starting
82 silly rollbackFailedOptional Finishing
83 silly runTopLevelLifecycles Starting
84 silly runTopLevelLifecycles Finishing
85 silly install printInstalled
86 verbose stack Error: EACCES: permission denied, access '/usr/lib/node_modules'
86 verbose stack     at Error (native)
87 verbose cwd /vagrant/project
88 error Linux 4.4.0-21-generic
89 error argv "/usr/bin/nodejs" "/usr/bin/npm" "install" "http" "-server" "-g"
90 error node v6.7.0
91 error npm  v3.10.3
92 error path /usr/lib/node_modules
93 error code EACCES
94 error errno -13
95 error syscall access
96 error Error: EACCES: permission denied, access '/usr/lib/node_modules'
96 error     at Error (native)
96 error  { Error: EACCES: permission denied, access '/usr/lib/node_modules'
96 error     at Error (native)
96 error   errno: -13,
96 error   code: 'EACCES',
96 error   syscall: 'access',
96 error   path: '/usr/lib/node_modules' }
97 error Please try running this command again as root/Administrator.
98 verbose exit [ -13, true ]
